<?xml version="1.0" encoding="UTF-8" ?>
<<<<<<< HEAD
<testsuite tests="2" failures="2" name="model.io.FileImportTest" time="0.019" errors="0" skipped="0">
=======
<testsuite tests="2" failures="0" name="model.io.FileImportTest" time="0.709" errors="0" skipped="0">
>>>>>>> 1a835dc96e0f84529ff549ed73beaffe8d03ecfe
  <properties>
    <property name="java.runtime.name" value="Java(TM) SE Runtime Environment"/>
    <property name="sun.boot.library.path" value="C:\Program Files\Java\jdk1.8.0_152\jre\bin"/>
    <property name="java.vm.version" value="25.152-b16"/>
    <property name="java.vm.vendor" value="Oracle Corporation"/>
    <property name="java.vendor.url" value="http://java.oracle.com/"/>
    <property name="path.separator" value=";"/>
    <property name="guice.disable.misplaced.annotation.check" value="true"/>
    <property name="java.vm.name" value="Java HotSpot(TM) 64-Bit Server VM"/>
    <property name="file.encoding.pkg" value="sun.io"/>
    <property name="user.script" value=""/>
    <property name="user.country" value="PT"/>
    <property name="sun.java.launcher" value="SUN_STANDARD"/>
    <property name="sun.os.patch.level" value=""/>
    <property name="java.vm.specification.name" value="Java Virtual Machine Specification"/>
    <property name="user.dir" value="C:\Users\jpfr8\OneDrive\Ambiente de Trabalho\last dawn v0.1\game\lastdawn\app"/>
    <property name="java.runtime.version" value="1.8.0_152-b16"/>
    <property name="java.awt.graphicsenv" value="sun.awt.Win32GraphicsEnvironment"/>
    <property name="java.endorsed.dirs" value="C:\Program Files\Java\jdk1.8.0_152\jre\lib\endorsed"/>
    <property name="os.arch" value="amd64"/>
    <property name="java.io.tmpdir" value="C:\Users\jpfr8\AppData\Local\Temp\"/>
    <property name="line.separator" value="
"/>
    <property name="java.vm.specification.vendor" value="Oracle Corporation"/>
    <property name="user.variant" value=""/>
    <property name="os.name" value="Windows 10"/>
    <property name="maven.ext.class.path" value="C:\Program Files\NetBeans 8.2\java\maven-nblib\netbeans-eventspy.jar"/>
    <property name="classworlds.conf" value="C:\Program Files\NetBeans 8.2\java\maven\bin\m2.conf"/>
    <property name="sun.jnu.encoding" value="Cp1252"/>
    <property name="java.library.path" value="C:\Program Files\Java\jdk1.8.0_152\bin;C:\WINDOWS\Sun\Java\bin;C:\WINDOWS\system32;C:\WINDOWS;C:\ProgramData\Oracle\Java\javapath;C:\Program Files (x86)\Intel\iCLS Client\;C:\Program Files\Intel\iCLS Client\;C:\windows\system32;C:\windows;C:\windows\System32\Wbem;C:\windows\System32\WindowsPowerShell\v1.0\;C:\Program Files (x86)\Intel\Intel(R) Management Engine Components\DAL;C:\Program Files\Intel\Intel(R) Management Engine Components\DAL;C:\Program Files (x86)\Intel\Intel(R) Management Engine Components\IPT;C:\Program Files\Intel\Intel(R) Management Engine Components\IPT;C:\Program Files (x86)\NVIDIA Corporation\PhysX\Common;C:\WINDOWS\system32;C:\WINDOWS;C:\WINDOWS\System32\Wbem;C:\WINDOWS\System32\WindowsPowerShell\v1.0\;C:\Users\jpfr8\AppData\Local\Microsoft\WindowsApps;;."/>
    <property name="java.specification.name" value="Java Platform API Specification"/>
    <property name="java.class.version" value="52.0"/>
    <property name="sun.management.compiler" value="HotSpot 64-Bit Tiered Compilers"/>
    <property name="os.version" value="10.0"/>
    <property name="user.home" value="C:\Users\jpfr8"/>
    <property name="user.timezone" value="Europe/London"/>
    <property name="java.awt.printerjob" value="sun.awt.windows.WPrinterJob"/>
    <property name="java.specification.version" value="1.8"/>
    <property name="file.encoding" value="UTF-8"/>
    <property name="user.name" value="jpfr8"/>
    <property name="java.class.path" value="C:\Program Files\NetBeans 8.2\java\maven\boot\plexus-classworlds-2.4.jar"/>
    <property name="java.vm.specification.version" value="1.8"/>
    <property name="sun.arch.data.model" value="64"/>
    <property name="java.home" value="C:\Program Files\Java\jdk1.8.0_152\jre"/>
    <property name="sun.java.command" value="org.codehaus.plexus.classworlds.launcher.Launcher -Dmaven.ext.class.path=C:\Program Files\NetBeans 8.2\java\maven-nblib\netbeans-eventspy.jar -Dfile.encoding=UTF-8 install"/>
    <property name="java.specification.vendor" value="Oracle Corporation"/>
    <property name="user.language" value="pt"/>
    <property name="awt.toolkit" value="sun.awt.windows.WToolkit"/>
    <property name="java.vm.info" value="mixed mode"/>
    <property name="java.version" value="1.8.0_152"/>
    <property name="java.ext.dirs" value="C:\Program Files\Java\jdk1.8.0_152\jre\lib\ext;C:\WINDOWS\Sun\Java\lib\ext"/>
    <property name="sun.boot.class.path" value="C:\Program Files\Java\jdk1.8.0_152\jre\lib\resources.jar;C:\Program Files\Java\jdk1.8.0_152\jre\lib\rt.jar;C:\Program Files\Java\jdk1.8.0_152\jre\lib\sunrsasign.jar;C:\Program Files\Java\jdk1.8.0_152\jre\lib\jsse.jar;C:\Program Files\Java\jdk1.8.0_152\jre\lib\jce.jar;C:\Program Files\Java\jdk1.8.0_152\jre\lib\charsets.jar;C:\Program Files\Java\jdk1.8.0_152\jre\lib\jfr.jar;C:\Program Files\Java\jdk1.8.0_152\jre\classes"/>
    <property name="java.vendor" value="Oracle Corporation"/>
    <property name="maven.home" value="C:\Program Files\NetBeans 8.2\java\maven"/>
    <property name="file.separator" value="\"/>
    <property name="java.vendor.url.bug" value="http://bugreport.sun.com/bugreport/"/>
    <property name="sun.cpu.endian" value="little"/>
    <property name="sun.io.unicode.encoding" value="UnicodeLittle"/>
    <property name="sun.desktop" value="windows"/>
    <property name="sun.cpu.isalist" value="amd64"/>
  </properties>
<<<<<<< HEAD
  <testcase classname="model.io.FileImportTest" name="testReadLocalFile" time="0.004">
    <failure message="expected:&lt;10&gt; but was:&lt;11&gt;" type="java.lang.AssertionError">java.lang.AssertionError: expected:&lt;10&gt; but was:&lt;11&gt;
	at org.junit.Assert.fail(Assert.java:88)
	at org.junit.Assert.failNotEquals(Assert.java:834)
	at org.junit.Assert.assertEquals(Assert.java:645)
	at org.junit.Assert.assertEquals(Assert.java:631)
	at model.io.FileImportTest.testReadLocalFile(FileImportTest.java:50)
	at sun.reflect.NativeMethodAccessorImpl.invoke0(Native Method)
	at sun.reflect.NativeMethodAccessorImpl.invoke(NativeMethodAccessorImpl.java:62)
	at sun.reflect.DelegatingMethodAccessorImpl.invoke(DelegatingMethodAccessorImpl.java:43)
	at java.lang.reflect.Method.invoke(Method.java:498)
	at org.junit.runners.model.FrameworkMethod$1.runReflectiveCall(FrameworkMethod.java:50)
	at org.junit.internal.runners.model.ReflectiveCallable.run(ReflectiveCallable.java:12)
	at org.junit.runners.model.FrameworkMethod.invokeExplosively(FrameworkMethod.java:47)
	at org.junit.internal.runners.statements.InvokeMethod.evaluate(InvokeMethod.java:17)
	at org.junit.internal.runners.statements.RunBefores.evaluate(RunBefores.java:26)
	at org.junit.internal.runners.statements.RunAfters.evaluate(RunAfters.java:27)
	at org.junit.runners.ParentRunner.runLeaf(ParentRunner.java:325)
	at org.junit.runners.BlockJUnit4ClassRunner.runChild(BlockJUnit4ClassRunner.java:78)
	at org.junit.runners.BlockJUnit4ClassRunner.runChild(BlockJUnit4ClassRunner.java:57)
	at org.junit.runners.ParentRunner$3.run(ParentRunner.java:290)
	at org.junit.runners.ParentRunner$1.schedule(ParentRunner.java:71)
	at org.junit.runners.ParentRunner.runChildren(ParentRunner.java:288)
	at org.junit.runners.ParentRunner.access$000(ParentRunner.java:58)
	at org.junit.runners.ParentRunner$2.evaluate(ParentRunner.java:268)
	at org.junit.internal.runners.statements.RunBefores.evaluate(RunBefores.java:26)
	at org.junit.internal.runners.statements.RunAfters.evaluate(RunAfters.java:27)
	at org.junit.runners.ParentRunner.run(ParentRunner.java:363)
	at org.apache.maven.surefire.junit4.JUnit4TestSet.execute(JUnit4TestSet.java:53)
	at org.apache.maven.surefire.junit4.JUnit4Provider.executeTestSet(JUnit4Provider.java:123)
	at org.apache.maven.surefire.junit4.JUnit4Provider.invoke(JUnit4Provider.java:104)
	at sun.reflect.NativeMethodAccessorImpl.invoke0(Native Method)
	at sun.reflect.NativeMethodAccessorImpl.invoke(NativeMethodAccessorImpl.java:62)
	at sun.reflect.DelegatingMethodAccessorImpl.invoke(DelegatingMethodAccessorImpl.java:43)
	at java.lang.reflect.Method.invoke(Method.java:498)
	at org.apache.maven.surefire.util.ReflectionUtils.invokeMethodWithArray(ReflectionUtils.java:164)
	at org.apache.maven.surefire.booter.ProviderFactory$ProviderProxy.invoke(ProviderFactory.java:110)
	at org.apache.maven.surefire.booter.SurefireStarter.invokeProvider(SurefireStarter.java:175)
	at org.apache.maven.surefire.booter.SurefireStarter.runSuitesInProcessWhenForked(SurefireStarter.java:107)
	at org.apache.maven.surefire.booter.ForkedBooter.main(ForkedBooter.java:68)
</failure>
    <system-out>readLocalFile
</system-out>
  </testcase>
  <testcase classname="model.io.FileImportTest" name="testReadRoadFile" time="0.004">
    <failure message="expected:&lt;10&gt; but was:&lt;11&gt;" type="java.lang.AssertionError">java.lang.AssertionError: expected:&lt;10&gt; but was:&lt;11&gt;
	at org.junit.Assert.fail(Assert.java:88)
	at org.junit.Assert.failNotEquals(Assert.java:834)
	at org.junit.Assert.assertEquals(Assert.java:645)
	at org.junit.Assert.assertEquals(Assert.java:631)
	at model.io.FileImportTest.testReadRoadFile(FileImportTest.java:62)
	at sun.reflect.NativeMethodAccessorImpl.invoke0(Native Method)
	at sun.reflect.NativeMethodAccessorImpl.invoke(NativeMethodAccessorImpl.java:62)
	at sun.reflect.DelegatingMethodAccessorImpl.invoke(DelegatingMethodAccessorImpl.java:43)
	at java.lang.reflect.Method.invoke(Method.java:498)
	at org.junit.runners.model.FrameworkMethod$1.runReflectiveCall(FrameworkMethod.java:50)
	at org.junit.internal.runners.model.ReflectiveCallable.run(ReflectiveCallable.java:12)
	at org.junit.runners.model.FrameworkMethod.invokeExplosively(FrameworkMethod.java:47)
	at org.junit.internal.runners.statements.InvokeMethod.evaluate(InvokeMethod.java:17)
	at org.junit.internal.runners.statements.RunBefores.evaluate(RunBefores.java:26)
	at org.junit.internal.runners.statements.RunAfters.evaluate(RunAfters.java:27)
	at org.junit.runners.ParentRunner.runLeaf(ParentRunner.java:325)
	at org.junit.runners.BlockJUnit4ClassRunner.runChild(BlockJUnit4ClassRunner.java:78)
	at org.junit.runners.BlockJUnit4ClassRunner.runChild(BlockJUnit4ClassRunner.java:57)
	at org.junit.runners.ParentRunner$3.run(ParentRunner.java:290)
	at org.junit.runners.ParentRunner$1.schedule(ParentRunner.java:71)
	at org.junit.runners.ParentRunner.runChildren(ParentRunner.java:288)
	at org.junit.runners.ParentRunner.access$000(ParentRunner.java:58)
	at org.junit.runners.ParentRunner$2.evaluate(ParentRunner.java:268)
	at org.junit.internal.runners.statements.RunBefores.evaluate(RunBefores.java:26)
	at org.junit.internal.runners.statements.RunAfters.evaluate(RunAfters.java:27)
	at org.junit.runners.ParentRunner.run(ParentRunner.java:363)
	at org.apache.maven.surefire.junit4.JUnit4TestSet.execute(JUnit4TestSet.java:53)
	at org.apache.maven.surefire.junit4.JUnit4Provider.executeTestSet(JUnit4Provider.java:123)
	at org.apache.maven.surefire.junit4.JUnit4Provider.invoke(JUnit4Provider.java:104)
	at sun.reflect.NativeMethodAccessorImpl.invoke0(Native Method)
	at sun.reflect.NativeMethodAccessorImpl.invoke(NativeMethodAccessorImpl.java:62)
	at sun.reflect.DelegatingMethodAccessorImpl.invoke(DelegatingMethodAccessorImpl.java:43)
	at java.lang.reflect.Method.invoke(Method.java:498)
	at org.apache.maven.surefire.util.ReflectionUtils.invokeMethodWithArray(ReflectionUtils.java:164)
	at org.apache.maven.surefire.booter.ProviderFactory$ProviderProxy.invoke(ProviderFactory.java:110)
	at org.apache.maven.surefire.booter.SurefireStarter.invokeProvider(SurefireStarter.java:175)
	at org.apache.maven.surefire.booter.SurefireStarter.runSuitesInProcessWhenForked(SurefireStarter.java:107)
	at org.apache.maven.surefire.booter.ForkedBooter.main(ForkedBooter.java:68)
</failure>
    <system-out>readRoadFile
game
([Local{name=Porto, kingdom=KINGDOM1, ditrictGraph=([], [])}, Local{name=Lisboa, kingdom=KINGDOM1, ditrictGraph=([], [])}, Local{name=Lamego, kingdom=KINGDOM1, ditrictGraph=([], [])}, Local{name=Khaer, kingdom=KINGDOM1, ditrictGraph=([], [])}, Local{name=St Tirso, kingdom=KINGDOM1, ditrictGraph=([], [])}, Local{name=Aliados, kingdom=KINGDOM1, ditrictGraph=([], [])}, Local{name=Aveiro, kingdom=KINGDOM1, ditrictGraph=([], [])}, Local{name=Leiria, kingdom=KINGDOM1, ditrictGraph=([], [])}, Local{name=Algarve, kingdom=KINGDOM1, ditrictGraph=([], [])}, Local{name=Whiterun, kingdom=KINGDOM1, ditrictGraph=([], [])}], [Road{chanceOfEnemy=0.3}={Local{name=Porto, kingdom=KINGDOM1, ditrictGraph=([], [])},Local{name=Lisboa, kingdom=KINGDOM1, ditrictGraph=([], [])}}])
game
([Local{name=Porto, kingdom=KINGDOM1, ditrictGraph=([], [])}, Local{name=Lisboa, kingdom=KINGDOM1, ditrictGraph=([], [])}, Local{name=Lamego, kingdom=KINGDOM1, ditrictGraph=([], [])}, Local{name=Khaer, kingdom=KINGDOM1, ditrictGraph=([], [])}, Local{name=St Tirso, kingdom=KINGDOM1, ditrictGraph=([], [])}, Local{name=Aliados, kingdom=KINGDOM1, ditrictGraph=([], [])}, Local{name=Aveiro, kingdom=KINGDOM1, ditrictGraph=([], [])}, Local{name=Leiria, kingdom=KINGDOM1, ditrictGraph=([], [])}, Local{name=Algarve, kingdom=KINGDOM1, ditrictGraph=([], [])}, Local{name=Whiterun, kingdom=KINGDOM1, ditrictGraph=([], [])}], [Road{chanceOfEnemy=0.4}={Local{name=Lisboa, kingdom=KINGDOM1, ditrictGraph=([], [])},Local{name=Lamego, kingdom=KINGDOM1, ditrictGraph=([], [])}}])
game
([Local{name=Porto, kingdom=KINGDOM1, ditrictGraph=([], [])}, Local{name=Lisboa, kingdom=KINGDOM1, ditrictGraph=([], [])}, Local{name=Lamego, kingdom=KINGDOM1, ditrictGraph=([], [])}, Local{name=Khaer, kingdom=KINGDOM1, ditrictGraph=([], [])}, Local{name=St Tirso, kingdom=KINGDOM1, ditrictGraph=([], [])}, Local{name=Aliados, kingdom=KINGDOM1, ditrictGraph=([], [])}, Local{name=Aveiro, kingdom=KINGDOM1, ditrictGraph=([], [])}, Local{name=Leiria, kingdom=KINGDOM1, ditrictGraph=([], [])}, Local{name=Algarve, kingdom=KINGDOM1, ditrictGraph=([], [])}, Local{name=Whiterun, kingdom=KINGDOM1, ditrictGraph=([], [])}], [Road{chanceOfEnemy=0.8}={Local{name=Khaer, kingdom=KINGDOM1, ditrictGraph=([], [])},Local{name=Lamego, kingdom=KINGDOM1, ditrictGraph=([], [])}}])
game
([Local{name=Porto, kingdom=KINGDOM1, ditrictGraph=([], [])}, Local{name=Lisboa, kingdom=KINGDOM1, ditrictGraph=([], [])}, Local{name=Lamego, kingdom=KINGDOM1, ditrictGraph=([], [])}, Local{name=Khaer, kingdom=KINGDOM1, ditrictGraph=([], [])}, Local{name=St Tirso, kingdom=KINGDOM1, ditrictGraph=([], [])}, Local{name=Aliados, kingdom=KINGDOM1, ditrictGraph=([], [])}, Local{name=Aveiro, kingdom=KINGDOM1, ditrictGraph=([], [])}, Local{name=Leiria, kingdom=KINGDOM1, ditrictGraph=([], [])}, Local{name=Algarve, kingdom=KINGDOM1, ditrictGraph=([], [])}, Local{name=Whiterun, kingdom=KINGDOM1, ditrictGraph=([], [])}], [Road{chanceOfEnemy=0.1}={Local{name=St Tirso, kingdom=KINGDOM1, ditrictGraph=([], [])},Local{name=Khaer, kingdom=KINGDOM1, ditrictGraph=([], [])}}])
game
([Local{name=Porto, kingdom=KINGDOM1, ditrictGraph=([], [])}, Local{name=Lisboa, kingdom=KINGDOM1, ditrictGraph=([], [])}, Local{name=Lamego, kingdom=KINGDOM1, ditrictGraph=([], [])}, Local{name=Khaer, kingdom=KINGDOM1, ditrictGraph=([], [])}, Local{name=St Tirso, kingdom=KINGDOM1, ditrictGraph=([], [])}, Local{name=Aliados, kingdom=KINGDOM1, ditrictGraph=([], [])}, Local{name=Aveiro, kingdom=KINGDOM1, ditrictGraph=([], [])}, Local{name=Leiria, kingdom=KINGDOM1, ditrictGraph=([], [])}, Local{name=Algarve, kingdom=KINGDOM1, ditrictGraph=([], [])}, Local{name=Whiterun, kingdom=KINGDOM1, ditrictGraph=([], [])}], [Road{chanceOfEnemy=0.0}={Local{name=Aliados, kingdom=KINGDOM1, ditrictGraph=([], [])},Local{name=Aveiro, kingdom=KINGDOM1, ditrictGraph=([], [])}}])
game
([Local{name=Porto, kingdom=KINGDOM1, ditrictGraph=([], [])}, Local{name=Lisboa, kingdom=KINGDOM1, ditrictGraph=([], [])}, Local{name=Lamego, kingdom=KINGDOM1, ditrictGraph=([], [])}, Local{name=Khaer, kingdom=KINGDOM1, ditrictGraph=([], [])}, Local{name=St Tirso, kingdom=KINGDOM1, ditrictGraph=([], [])}, Local{name=Aliados, kingdom=KINGDOM1, ditrictGraph=([], [])}, Local{name=Aveiro, kingdom=KINGDOM1, ditrictGraph=([], [])}, Local{name=Leiria, kingdom=KINGDOM1, ditrictGraph=([], [])}, Local{name=Algarve, kingdom=KINGDOM1, ditrictGraph=([], [])}, Local{name=Whiterun, kingdom=KINGDOM1, ditrictGraph=([], [])}], [Road{chanceOfEnemy=0.3}={Local{name=Leiria, kingdom=KINGDOM1, ditrictGraph=([], [])},Local{name=Algarve, kingdom=KINGDOM1, ditrictGraph=([], [])}}])
game
game
game
([Local{name=Porto, kingdom=KINGDOM1, ditrictGraph=([], [])}, Local{name=Lisboa, kingdom=KINGDOM1, ditrictGraph=([], [])}, Local{name=Lamego, kingdom=KINGDOM1, ditrictGraph=([], [])}, Local{name=Khaer, kingdom=KINGDOM1, ditrictGraph=([], [])}, Local{name=St Tirso, kingdom=KINGDOM1, ditrictGraph=([], [])}, Local{name=Aliados, kingdom=KINGDOM1, ditrictGraph=([], [])}, Local{name=Aveiro, kingdom=KINGDOM1, ditrictGraph=([], [])}, Local{name=Leiria, kingdom=KINGDOM1, ditrictGraph=([], [])}, Local{name=Algarve, kingdom=KINGDOM1, ditrictGraph=([], [])}, Local{name=Whiterun, kingdom=KINGDOM1, ditrictGraph=([], [])}], [Road{chanceOfEnemy=0.7}={Local{name=Lamego, kingdom=KINGDOM1, ditrictGraph=([], [])},Local{name=Algarve, kingdom=KINGDOM1, ditrictGraph=([], [])}}])
game
([Local{name=Porto, kingdom=KINGDOM1, ditrictGraph=([], [])}, Local{name=Lisboa, kingdom=KINGDOM1, ditrictGraph=([], [])}, Local{name=Lamego, kingdom=KINGDOM1, ditrictGraph=([], [])}, Local{name=Khaer, kingdom=KINGDOM1, ditrictGraph=([], [])}, Local{name=St Tirso, kingdom=KINGDOM1, ditrictGraph=([], [])}, Local{name=Aliados, kingdom=KINGDOM1, ditrictGraph=([], [])}, Local{name=Aveiro, kingdom=KINGDOM1, ditrictGraph=([], [])}, Local{name=Leiria, kingdom=KINGDOM1, ditrictGraph=([], [])}, Local{name=Algarve, kingdom=KINGDOM1, ditrictGraph=([], [])}, Local{name=Whiterun, kingdom=KINGDOM1, ditrictGraph=([], [])}], [Road{chanceOfEnemy=0.5}={Local{name=Khaer, kingdom=KINGDOM1, ditrictGraph=([], [])},Local{name=Lamego, kingdom=KINGDOM1, ditrictGraph=([], [])}}])
([Local{name=Porto, kingdom=KINGDOM1, ditrictGraph=([], [])}, Local{name=Lisboa, kingdom=KINGDOM1, ditrictGraph=([], [])}, Local{name=Lamego, kingdom=KINGDOM1, ditrictGraph=([], [])}, Local{name=Khaer, kingdom=KINGDOM1, ditrictGraph=([], [])}, Local{name=St Tirso, kingdom=KINGDOM1, ditrictGraph=([], [])}, Local{name=Aliados, kingdom=KINGDOM1, ditrictGraph=([], [])}, Local{name=Aveiro, kingdom=KINGDOM1, ditrictGraph=([], [])}, Local{name=Leiria, kingdom=KINGDOM1, ditrictGraph=([], [])}, Local{name=Algarve, kingdom=KINGDOM1, ditrictGraph=([], [])}, Local{name=Whiterun, kingdom=KINGDOM1, ditrictGraph=([], [])}], [Road{chanceOfEnemy=0.5}={Local{name=Khaer, kingdom=KINGDOM1, ditrictGraph=([], [])},Local{name=Lamego, kingdom=KINGDOM1, ditrictGraph=([], [])}}])
</system-out>
  </testcase>
=======
  <testcase classname="model.io.FileImportTest" name="testReadLocalFile" time="0.059"/>
  <testcase classname="model.io.FileImportTest" name="testReadRoadFile" time="0.635"/>
>>>>>>> 1a835dc96e0f84529ff549ed73beaffe8d03ecfe
</testsuite>